[debug] [2022-10-14T17:41:32.516Z] ----------------------------------------------------------------------
[debug] [2022-10-14T17:41:32.519Z] Command:       C:\Program Files\nodejs\node.exe C:\Users\vicky\AppData\Roaming\npm\node_modules\firebase-tools\lib\bin\firebase.js init
[debug] [2022-10-14T17:41:32.519Z] CLI Version:   11.10.0
[debug] [2022-10-14T17:41:32.519Z] Platform:      win32
[debug] [2022-10-14T17:41:32.520Z] Node Version:  v16.15.0
[debug] [2022-10-14T17:41:32.521Z] Time:          Fri Oct 14 2022 22:41:32 GMT+0500 (Pakistan Standard Time)
[debug] [2022-10-14T17:41:32.521Z] ----------------------------------------------------------------------
[debug] 
[debug] [2022-10-14T17:41:32.598Z] > command requires scopes: ["email","openid","https://www.googleapis.com/auth/cloudplatformprojects.readonly","https://www.googleapis.com/auth/firebase","https://www.googleapis.com/auth/cloud-platform"]
[debug] [2022-10-14T17:41:32.598Z] > authorizing via signed-in user (muhammadwaqarulhaque123@gmail.com)
[info] 
     ######## #### ########  ######## ########     ###     ######  ########
     ##        ##  ##     ## ##       ##     ##  ##   ##  ##       ##
     ######    ##  ########  ######   ########  #########  ######  ######
     ##        ##  ##    ##  ##       ##     ## ##     ##       ## ##
     ##       #### ##     ## ######## ########  ##     ##  ######  ########

You're about to initialize a Firebase project in this directory:

  C:\Users\vicky\Desktop\todolist

Before we get started, keep in mind:

  * You are initializing within an existing Firebase project directory

[info] 
=== Project Setup
[info] 
[info] First, let's associate this project directory with a Firebase project.
[info] You can create multiple project aliases by running firebase use --add, 
[info] but for now we'll just set up a default project.
[info] 
[debug] [2022-10-14T17:41:37.217Z] Using project from CLI flag: todo-ba522
[debug] [2022-10-14T17:41:37.220Z] >>> [apiv2][query] GET https://firebase.googleapis.com/v1beta1/projects/todo-ba522 [none]
[debug] [2022-10-14T17:41:37.843Z] <<< [apiv2][status] GET https://firebase.googleapis.com/v1beta1/projects/todo-ba522 200
[debug] [2022-10-14T17:41:37.844Z] <<< [apiv2][body] GET https://firebase.googleapis.com/v1beta1/projects/todo-ba522 {"projectId":"todo-ba522","projectNumber":"557131086776","displayName":"TODO","name":"projects/todo-ba522","resources":{"hostingSite":"todo-ba522","storageBucket":"todo-ba522.appspot.com","locationId":"us-central"},"state":"ACTIVE","etag":"1_8a379ba6-e0a5-4c2a-b702-72aa4a0539e6"}
[info] i  Using project todo-ba522 (TODO) 
[info] 
=== Hosting Setup
[info] 
[info] Your public directory is the folder (relative to your project directory) that
[info] will contain Hosting assets to be uploaded with firebase deploy. If you
[info] have a build process for your assets, use your build's output directory.
[info] 
